Started by user [8mha:////4LzWy1zWHmqCrhW1aGj0TmC3OFtlh8tanj6vVHVu9BxLAAAAlh+LCAAAAAAAAP9b85aBtbiIQTGjNKU4P08vOT+vOD8nVc83PyU1x6OyILUoJzMv2y+/JJUBAhiZGBgqihhk0NSjKDWzXb3RdlLBUSYGJk8GtpzUvPSSDB8G5tKinBIGIZ+sxLJE/ZzEvHT94JKizLx0a6BxUmjGOUNodHsLgAyFEgYu/dLi1CL9sszsRAADaPqEvwAAAA==[0mShakhlai Viktoryia Aleaxandrovna
Running as SYSTEM
Building in workspace C:\Users\Vika\AppData\Local\Jenkins\.jenkins\workspace\First job
The recommended git tool is: NONE
No credentials specified
Cloning the remote Git repository
Cloning repository https://github.com/vitalliuss/helloci.git
 > git.exe init C:\Users\Vika\AppData\Local\Jenkins\.jenkins\workspace\First job # timeout=10
Fetching upstream changes from https://github.com/vitalliuss/helloci.git
 > git.exe --version # timeout=10
 > git --version # 'git version 2.37.3.windows.1'
 > git.exe fetch --tags --force --progress -- https://github.com/vitalliuss/helloci.git +refs/heads/*:refs/remotes/origin/* # timeout=10
 > git.exe config remote.origin.url https://github.com/vitalliuss/helloci.git # timeout=10
 > git.exe config --add remote.origin.fetch +refs/heads/*:refs/remotes/origin/* # timeout=10
Avoid second fetch
 > git.exe rev-parse "refs/remotes/origin/master^{commit}" # timeout=10
Checking out Revision 71518a34152cb6c6039a2443ced60af30a31f14c (refs/remotes/origin/master)
 > git.exe config core.sparsecheckout # timeout=10
 > git.exe checkout -f 71518a34152cb6c6039a2443ced60af30a31f14c # timeout=10
Commit message: "Merge pull request #16 from EvgeniyRozhenko/fix-pom-utf8"
First time build. Skipping changelog.
Unpacking https://repo.maven.apache.org/maven2/org/apache/maven/apache-maven/3.8.6/apache-maven-3.8.6-bin.zip to C:\Users\Vika\AppData\Local\Jenkins\.jenkins\tools\hudson.tasks.Maven_MavenInstallation\Maven_3.8.6 on Jenkins
[First job] $ cmd.exe /C "C:\Users\Vika\AppData\Local\Jenkins\.jenkins\tools\hudson.tasks.Maven_MavenInstallation\Maven_3.8.6\bin\mvn.cmd test goal && exit %%ERRORLEVEL%%"
[INFO] Scanning for projects...
[INFO] ------------------------------------------------------------------------
[INFO] BUILD FAILURE
[INFO] ------------------------------------------------------------------------
[INFO] Total time:  0.099 s
[INFO] Finished at: 2022-10-19T23:13:23+03:00
[INFO] ------------------------------------------------------------------------
[8mha:////4MrbbCkdPCqGiKq05gqPFLZXE5bySdo9grVh+tJTCkm/AAAAYB+LCAAAAAAAAP9b85aBtbiIQSmjNKU4P0+vJLE4u1gvPjexLDVPzxdEuhYV5Rf55Zek1m9pfpLfVWLNxMBQUcQgBdWQnJ9XnJ+TqucMoUEKGSCAEaSwAABqVhoSYAAAAA==[0m[ERROR] The goal you specified requires a project to execute but there is no POM in this directory (C:\Users\Vika\AppData\Local\Jenkins\.jenkins\workspace\First job). Please verify you invoked Maven from the correct directory. -> [Help 1]
[8mha:////4MrbbCkdPCqGiKq05gqPFLZXE5bySdo9grVh+tJTCkm/AAAAYB+LCAAAAAAAAP9b85aBtbiIQSmjNKU4P0+vJLE4u1gvPjexLDVPzxdEuhYV5Rf55Zek1m9pfpLfVWLNxMBQUcQgBdWQnJ9XnJ+TqucMoUEKGSCAEaSwAABqVhoSYAAAAA==[0m[ERROR] 
[8mha:////4MrbbCkdPCqGiKq05gqPFLZXE5bySdo9grVh+tJTCkm/AAAAYB+LCAAAAAAAAP9b85aBtbiIQSmjNKU4P0+vJLE4u1gvPjexLDVPzxdEuhYV5Rf55Zek1m9pfpLfVWLNxMBQUcQgBdWQnJ9XnJ+TqucMoUEKGSCAEaSwAABqVhoSYAAAAA==[0m[ERROR] To see the full stack trace of the errors, re-run Maven with the -e switch.
[8mha:////4MrbbCkdPCqGiKq05gqPFLZXE5bySdo9grVh+tJTCkm/AAAAYB+LCAAAAAAAAP9b85aBtbiIQSmjNKU4P0+vJLE4u1gvPjexLDVPzxdEuhYV5Rf55Zek1m9pfpLfVWLNxMBQUcQgBdWQnJ9XnJ+TqucMoUEKGSCAEaSwAABqVhoSYAAAAA==[0m[ERROR] Re-run Maven using the -X switch to enable full debug logging.
[8mha:////4MrbbCkdPCqGiKq05gqPFLZXE5bySdo9grVh+tJTCkm/AAAAYB+LCAAAAAAAAP9b85aBtbiIQSmjNKU4P0+vJLE4u1gvPjexLDVPzxdEuhYV5Rf55Zek1m9pfpLfVWLNxMBQUcQgBdWQnJ9XnJ+TqucMoUEKGSCAEaSwAABqVhoSYAAAAA==[0m[ERROR] 
[8mha:////4MrbbCkdPCqGiKq05gqPFLZXE5bySdo9grVh+tJTCkm/AAAAYB+LCAAAAAAAAP9b85aBtbiIQSmjNKU4P0+vJLE4u1gvPjexLDVPzxdEuhYV5Rf55Zek1m9pfpLfVWLNxMBQUcQgBdWQnJ9XnJ+TqucMoUEKGSCAEaSwAABqVhoSYAAAAA==[0m[ERROR] For more information about the errors and possible solutions, please read the following articles:
[8mha:////4MrbbCkdPCqGiKq05gqPFLZXE5bySdo9grVh+tJTCkm/AAAAYB+LCAAAAAAAAP9b85aBtbiIQSmjNKU4P0+vJLE4u1gvPjexLDVPzxdEuhYV5Rf55Zek1m9pfpLfVWLNxMBQUcQgBdWQnJ9XnJ+TqucMoUEKGSCAEaSwAABqVhoSYAAAAA==[0m[ERROR] [Help 1] http://cwiki.apache.org/confluence/display/MAVEN/MissingProjectException
Build step 'Вызвать цели Maven верхнего уровня  ' marked build as failure
Finished: FAILURE
