{
  "stats": {
    "suites": 1,
    "tests": 3,
    "passes": 3,
    "pending": 0,
    "failures": 0,
    "start": "2022-11-03T16:59:25.854Z",
    "end": "2022-11-03T16:59:25.865Z",
    "duration": 11,
    "testsRegistered": 3,
    "passPercent": 100,
    "pendingPercent": 0,
    "other": 0,
    "hasOther": false,
    "skipped": 0,
    "hasSkipped": false
  },
  "results": [
    {
      "uuid": "aba42c98-cd39-4992-987c-7e7b5a20637f",
      "title": "",
      "fullFile": "D:\\Education\\3 курс 1 сем\\TestingKursEpam\\Laba7\\UnitTesting\\test\\specs\\isNumberEven.spec.js",
      "file": "\\test\\specs\\isNumberEven.spec.js",
      "beforeHooks": [],
      "afterHooks": [],
      "tests": [],
      "suites": [
        {
          "uuid": "a8ea1009-7fb5-4ead-883e-88598ecca431",
          "title": "isNumberEven positive scenarios",
          "fullFile": "D:\\Education\\3 курс 1 сем\\TestingKursEpam\\Laba7\\UnitTesting\\test\\specs\\isNumberEven.spec.js",
          "file": "\\test\\specs\\isNumberEven.spec.js",
          "beforeHooks": [
            {
              "title": "\"before each\" hook in \"isNumberEven positive scenarios\"",
              "fullTitle": "isNumberEven positive scenarios \"before each\" hook in \"isNumberEven positive scenarios\"",
              "timedOut": false,
              "duration": 0,
              "state": null,
              "speed": null,
              "pass": false,
              "fail": false,
              "pending": false,
              "context": null,
              "code": "validator = new NumbersValidator();",
              "err": {},
              "uuid": "09c77ae5-55c8-4e4a-b0f9-437d7d5239e1",
              "parentUUID": "a8ea1009-7fb5-4ead-883e-88598ecca431",
              "isHook": true,
              "skipped": false
            }
          ],
          "afterHooks": [
            {
              "title": "\"after each\" hook in \"isNumberEven positive scenarios\"",
              "fullTitle": "isNumberEven positive scenarios \"after each\" hook in \"isNumberEven positive scenarios\"",
              "timedOut": false,
              "duration": 0,
              "state": null,
              "speed": null,
              "pass": false,
              "fail": false,
              "pending": false,
              "context": null,
              "code": "validator = null;",
              "err": {},
              "uuid": "410016c2-1824-4eba-a027-bd4f0e64d611",
              "parentUUID": "a8ea1009-7fb5-4ead-883e-88598ecca431",
              "isHook": true,
              "skipped": false
            }
          ],
          "tests": [
            {
              "title": "should return true if number is even",
              "fullTitle": "isNumberEven positive scenarios should return true if number is even",
              "timedOut": false,
              "duration": 1,
              "state": "passed",
              "speed": "fast",
              "pass": true,
              "fail": false,
              "pending": false,
              "context": null,
              "code": "expect(validator.isNumberEven(4)).to.be.equal(true);",
              "err": {},
              "uuid": "7a04fc5b-5ff5-4161-8f46-8ef8768162fb",
              "parentUUID": "a8ea1009-7fb5-4ead-883e-88598ecca431",
              "isHook": false,
              "skipped": false
            },
            {
              "title": "should return false if number is odd",
              "fullTitle": "isNumberEven positive scenarios should return false if number is odd",
              "timedOut": false,
              "duration": 0,
              "state": "passed",
              "speed": "fast",
              "pass": true,
              "fail": false,
              "pending": false,
              "context": null,
              "code": "expect(validator.isNumberEven(5)).to.be.equal(false);",
              "err": {},
              "uuid": "fcb7b059-0e55-4407-bfa5-eea925d879ce",
              "parentUUID": "a8ea1009-7fb5-4ead-883e-88598ecca431",
              "isHook": false,
              "skipped": false
            },
            {
              "title": "chai test",
              "fullTitle": "isNumberEven positive scenarios chai test",
              "timedOut": false,
              "duration": 1,
              "state": "passed",
              "speed": "fast",
              "pass": true,
              "fail": false,
              "pending": false,
              "context": null,
              "code": "expect([1, 'apple']).to.have.lengthOf(2);",
              "err": {},
              "uuid": "ba2888a8-8051-4a34-9680-5a7447516168",
              "parentUUID": "a8ea1009-7fb5-4ead-883e-88598ecca431",
              "isHook": false,
              "skipped": false
            }
          ],
          "suites": [],
          "passes": [
            "7a04fc5b-5ff5-4161-8f46-8ef8768162fb",
            "fcb7b059-0e55-4407-bfa5-eea925d879ce",
            "ba2888a8-8051-4a34-9680-5a7447516168"
          ],
          "failures": [],
          "pending": [],
          "skipped": [],
          "duration": 2,
          "root": false,
          "rootEmpty": false,
          "_timeout": 2000
        }
      ],
      "passes": [],
      "failures": [],
      "pending": [],
      "skipped": [],
      "duration": 0,
      "root": true,
      "rootEmpty": true,
      "_timeout": 2000
    }
  ],
  "meta": {
    "mocha": {
      "version": "10.1.0"
    },
    "mochawesome": {
      "options": {
        "quiet": false,
        "reportFilename": "mochawesome",
        "saveHtml": true,
        "saveJson": true,
        "consoleReporter": "spec",
        "useInlineDiffs": false,
        "code": true
      },
      "version": "7.1.3"
    },
    "marge": {
      "options": null,
      "version": "6.2.0"
    }
  }
}