Started by user [8mha:////4LzWy1zWHmqCrhW1aGj0TmC3OFtlh8tanj6vVHVu9BxLAAAAlh+LCAAAAAAAAP9b85aBtbiIQTGjNKU4P08vOT+vOD8nVc83PyU1x6OyILUoJzMv2y+/JJUBAhiZGBgqihhk0NSjKDWzXb3RdlLBUSYGJk8GtpzUvPSSDB8G5tKinBIGIZ+sxLJE/ZzEvHT94JKizLx0a6BxUmjGOUNodHsLgAyFEgYu/dLi1CL9sszsRAADaPqEvwAAAA==[0mShakhlai Viktoryia Aleaxandrovna
Running as SYSTEM
Building in workspace C:\Users\Vika\AppData\Local\Jenkins\.jenkins\workspace\First job
The recommended git tool is: NONE
No credentials specified
 > git.exe rev-parse --resolve-git-dir C:\Users\Vika\AppData\Local\Jenkins\.jenkins\workspace\First job\.git # timeout=10
Fetching changes from the remote Git repository
 > git.exe config remote.origin.url https://github.com/vitalliuss/helloci.git # timeout=10
Fetching upstream changes from https://github.com/vitalliuss/helloci.git
 > git.exe --version # timeout=10
 > git --version # 'git version 2.37.3.windows.1'
 > git.exe fetch --tags --force --progress -- https://github.com/vitalliuss/helloci.git +refs/heads/*:refs/remotes/origin/* # timeout=10
 > git.exe rev-parse "refs/remotes/origin/master^{commit}" # timeout=10
Checking out Revision 71518a34152cb6c6039a2443ced60af30a31f14c (refs/remotes/origin/master)
 > git.exe config core.sparsecheckout # timeout=10
 > git.exe checkout -f 71518a34152cb6c6039a2443ced60af30a31f14c # timeout=10
Commit message: "Merge pull request #16 from EvgeniyRozhenko/fix-pom-utf8"
 > git.exe rev-list --no-walk 71518a34152cb6c6039a2443ced60af30a31f14c # timeout=10
[First job] $ cmd.exe /C "C:\Users\Vika\AppData\Local\Jenkins\.jenkins\tools\hudson.tasks.Maven_MavenInstallation\Maven_3.8.6\bin\mvn.cmd -f Java/pom.xml test && exit %%ERRORLEVEL%%"
[INFO] Scanning for projects...
[INFO] 
[INFO] ---------------< com.github.vitalliuss.helloci:hello-ci >---------------
[INFO] Building hello-ci 1.0-SNAPSHOT
[INFO] --------------------------------[ jar ]---------------------------------
Downloading from central: https://repo.maven.apache.org/maven2/org/apache/maven/plugins/maven-surefire-plugin/3.0.0-M1/maven-surefire-plugin-3.0.0-M1.pom
Progress (1): 2.7/6.4 kBProgress (1): 5.5/6.4 kBProgress (1): 6.4 kB                        Downloaded from central: https://repo.maven.apache.org/maven2/org/apache/maven/plugins/maven-surefire-plugin/3.0.0-M1/maven-surefire-plugin-3.0.0-M1.pom (6.4 kB at 8.4 kB/s)
Downloading from central: https://repo.maven.apache.org/maven2/org/apache/maven/surefire/surefire/3.0.0-M1/surefire-3.0.0-M1.pom
Progress (1): 2.7/22 kBProgress (1): 5.5/22 kBProgress (1): 8.2/22 kBProgress (1): 11/22 kB Progress (1): 14/22 kBProgress (1): 16/22 kBProgress (1): 19/22 kBProgress (1): 21/22 kBProgress (1): 22 kB                      Downloaded from central: https://repo.maven.apache.org/maven2/org/apache/maven/surefire/surefire/3.0.0-M1/surefire-3.0.0-M1.pom (22 kB at 165 kB/s)
Downloading from central: https://repo.maven.apache.org/maven2/org/apache/maven/plugins/maven-surefire-plugin/3.0.0-M1/maven-surefire-plugin-3.0.0-M1.jar
Progress (1): 2.7/40 kBProgress (1): 5.5/40 kBProgress (1): 8.2/40 kBProgress (1): 11/40 kB Progress (1): 14/40 kBProgress (1): 16/40 kBProgress (1): 20/40 kBProgress (1): 24/40 kBProgress (1): 28/40 kBProgress (1): 32/40 kBProgress (1): 36/40 kBProgress (1): 40 kB                      Downloaded from central: https://repo.maven.apache.org/maven2/org/apache/maven/plugins/maven-surefire-plugin/3.0.0-M1/maven-surefire-plugin-3.0.0-M1.jar (40 kB at 336 kB/s)
[INFO] 
[8mha:////4LrSX3rzQVlVsNpkh6AqAAU8+GQeHbtaL8JszQY6a+qsAAAAYB+LCAAAAAAAAP9b85aBtbiIQSmjNKU4P0+vJLE4u1gvPjexLDVPzxdEGvvmZ+X75Zek2mxOX+vh68DGxMBQUcQgBdWQnJ9XnJ+TqucMoUEKGSCAEaSwAAAn9LoiYAAAAA==[0m[INFO] --- maven-resources-plugin:2.6:resources (default-resources) @ hello-ci ---
[INFO] Using 'UTF-8' encoding to copy filtered resources.
[INFO] skip non existing resourceDirectory C:\Users\Vika\AppData\Local\Jenkins\.jenkins\workspace\First job\Java\src\main\resources
[INFO] 
[8mha:////4LrSX3rzQVlVsNpkh6AqAAU8+GQeHbtaL8JszQY6a+qsAAAAYB+LCAAAAAAAAP9b85aBtbiIQSmjNKU4P0+vJLE4u1gvPjexLDVPzxdEGvvmZ+X75Zek2mxOX+vh68DGxMBQUcQgBdWQnJ9XnJ+TqucMoUEKGSCAEaSwAAAn9LoiYAAAAA==[0m[INFO] --- maven-compiler-plugin:3.1:compile (default-compile) @ hello-ci ---
[INFO] Changes detected - recompiling the module!
[INFO] Compiling 2 source files to C:\Users\Vika\AppData\Local\Jenkins\.jenkins\workspace\First job\Java\target\classes
[INFO] 
[8mha:////4LrSX3rzQVlVsNpkh6AqAAU8+GQeHbtaL8JszQY6a+qsAAAAYB+LCAAAAAAAAP9b85aBtbiIQSmjNKU4P0+vJLE4u1gvPjexLDVPzxdEGvvmZ+X75Zek2mxOX+vh68DGxMBQUcQgBdWQnJ9XnJ+TqucMoUEKGSCAEaSwAAAn9LoiYAAAAA==[0m[INFO] --- maven-resources-plugin:2.6:testResources (default-testResources) @ hello-ci ---
[INFO] Using 'UTF-8' encoding to copy filtered resources.
[INFO] skip non existing resourceDirectory C:\Users\Vika\AppData\Local\Jenkins\.jenkins\workspace\First job\Java\src\test\resources
[INFO] 
[8mha:////4LrSX3rzQVlVsNpkh6AqAAU8+GQeHbtaL8JszQY6a+qsAAAAYB+LCAAAAAAAAP9b85aBtbiIQSmjNKU4P0+vJLE4u1gvPjexLDVPzxdEGvvmZ+X75Zek2mxOX+vh68DGxMBQUcQgBdWQnJ9XnJ+TqucMoUEKGSCAEaSwAAAn9LoiYAAAAA==[0m[INFO] --- maven-compiler-plugin:3.1:testCompile (default-testCompile) @ hello-ci ---
[INFO] Changes detected - recompiling the module!
[INFO] Compiling 1 source file to C:\Users\Vika\AppData\Local\Jenkins\.jenkins\workspace\First job\Java\target\test-classes
[INFO] 
[8mha:////4LrSX3rzQVlVsNpkh6AqAAU8+GQeHbtaL8JszQY6a+qsAAAAYB+LCAAAAAAAAP9b85aBtbiIQSmjNKU4P0+vJLE4u1gvPjexLDVPzxdEGvvmZ+X75Zek2mxOX+vh68DGxMBQUcQgBdWQnJ9XnJ+TqucMoUEKGSCAEaSwAAAn9LoiYAAAAA==[0m[INFO] --- maven-surefire-plugin:3.0.0-M1:test (default-test) @ hello-ci ---
Downloading from central: https://repo.maven.apache.org/maven2/org/apache/maven/surefire/maven-surefire-common/3.0.0-M1/maven-surefire-common-3.0.0-M1.pom
Progress (1): 4.1/9.7 kBProgress (1): 8.2/9.7 kBProgress (1): 9.7 kB                        Downloaded from central: https://repo.maven.apache.org/maven2/org/apache/maven/surefire/maven-surefire-common/3.0.0-M1/maven-surefire-common-3.0.0-M1.pom (9.7 kB at 58 kB/s)
Downloading from central: https://repo.maven.apache.org/maven2/org/apache/maven/surefire/surefire-api/3.0.0-M1/surefire-api-3.0.0-M1.pom
Progress (1): 3.5 kB                    Downloaded from central: https://repo.maven.apache.org/maven2/org/apache/maven/surefire/surefire-api/3.0.0-M1/surefire-api-3.0.0-M1.pom (3.5 kB at 37 kB/s)
Downloading from central: https://repo.maven.apache.org/maven2/org/apache/maven/surefire/surefire-logger-api/3.0.0-M1/surefire-logger-api-3.0.0-M1.pom
Progress (1): 2.0 kB                    Downloaded from central: https://repo.maven.apache.org/maven2/org/apache/maven/surefire/surefire-logger-api/3.0.0-M1/surefire-logger-api-3.0.0-M1.pom (2.0 kB at 21 kB/s)
Downloading from central: https://repo.maven.apache.org/maven2/org/apache/maven/surefire/surefire-booter/3.0.0-M1/surefire-booter-3.0.0-M1.pom
Progress (1): 4.1/7.4 kBProgress (1): 7.4 kB                        Downloaded from central: https://repo.maven.apache.org/maven2/org/apache/maven/surefire/surefire-booter/3.0.0-M1/surefire-booter-3.0.0-M1.pom (7.4 kB at 84 kB/s)
Downloading from central: https://repo.maven.apache.org/maven2/org/apache/maven/maven-toolchain/3.0-alpha-2/maven-toolchain-3.0-alpha-2.pom
Progress (1): 2.2 kB                    Downloaded from central: https://repo.maven.apache.org/maven2/org/apache/maven/maven-toolchain/3.0-alpha-2/maven-toolchain-3.0-alpha-2.pom (2.2 kB at 28 kB/s)
Downloading from central: https://repo.maven.apache.org/maven2/org/apache/maven/maven/3.0-alpha-2/maven-3.0-alpha-2.pom
Progress (1): 4.1/21 kBProgress (1): 8.2/21 kBProgress (1): 12/21 kB Progress (1): 16/21 kBProgress (1): 20/21 kBProgress (1): 21 kB                      Downloaded from central: https://repo.maven.apache.org/maven2/org/apache/maven/maven/3.0-alpha-2/maven-3.0-alpha-2.pom (21 kB at 238 kB/s)
Downloading from central: https://repo.maven.apache.org/maven2/org/apache/maven/surefire/maven-surefire-common/3.0.0-M1/maven-surefire-common-3.0.0-M1.jar
Downloading from central: https://repo.maven.apache.org/maven2/org/apache/maven/surefire/surefire-api/3.0.0-M1/surefire-api-3.0.0-M1.jar
Downloading from central: https://repo.maven.apache.org/maven2/org/apache/maven/surefire/surefire-logger-api/3.0.0-M1/surefire-logger-api-3.0.0-M1.jar
Downloading from central: https://repo.maven.apache.org/maven2/org/apache/maven/surefire/surefire-booter/3.0.0-M1/surefire-booter-3.0.0-M1.jar
Downloading from central: https://repo.maven.apache.org/maven2/org/apache/maven/maven-toolchain/3.0-alpha-2/maven-toolchain-3.0-alpha-2.jar
Progress (1): 4.1/178 kBProgress (1): 8.2/178 kBProgress (1): 12/178 kB Progress (1): 16/178 kBProgress (1): 20/178 kBProgress (1): 25/178 kBProgress (1): 29/178 kBProgress (1): 33/178 kBProgress (1): 37/178 kBProgress (1): 41/178 kBProgress (1): 45/178 kBProgress (1): 49/178 kBProgress (1): 53/178 kBProgress (1): 57/178 kBProgress (1): 61/178 kBProgress (1): 66/178 kBProgress (1): 70/178 kBProgress (1): 74/178 kBProgress (1): 78/178 kBProgress (1): 82/178 kBProgress (1): 86/178 kBProgress (1): 90/178 kBProgress (1): 94/178 kBProgress (1): 98/178 kBProgress (1): 102/178 kBProgress (1): 106/178 kBProgress (1): 111/178 kBProgress (1): 115/178 kBProgress (2): 115/178 kB | 2.7/13 kBProgress (2): 115/178 kB | 5.5/13 kBProgress (2): 115/178 kB | 8.2/13 kBProgress (2): 115/178 kB | 11/13 kB Progress (2): 115/178 kB | 13 kB   Progress (3): 115/178 kB | 13 kB | 4.1/312 kBProgress (3): 115/178 kB | 13 kB | 8.2/312 kBProgress (3): 115/178 kB | 13 kB | 12/312 kB Progress (3): 115/178 kB | 13 kB | 16/312 kBProgress (4): 115/178 kB | 13 kB | 16/312 kB | 4.1/625 kBProgress (4): 115/178 kB | 13 kB | 16/312 kB | 8.2/625 kBProgress (4): 115/178 kB | 13 kB | 16/312 kB | 12/625 kB Progress (4): 115/178 kB | 13 kB | 16/312 kB | 16/625 kBProgress (4): 115/178 kB | 13 kB | 20/312 kB | 16/625 kBProgress (4): 115/178 kB | 13 kB | 25/312 kB | 16/625 kBProgress (4): 115/178 kB | 13 kB | 29/312 kB | 16/625 kBProgress (4): 115/178 kB | 13 kB | 33/312 kB | 16/625 kBProgress (4): 119/178 kB | 13 kB | 33/312 kB | 16/625 kBProgress (4): 123/178 kB | 13 kB | 33/312 kB | 16/625 kBProgress (4): 127/178 kB | 13 kB | 33/312 kB | 16/625 kBProgress (4): 131/178 kB | 13 kB | 33/312 kB | 16/625 kBProgress (4): 135/178 kB | 13 kB | 33/312 kB | 16/625 kBProgress (4): 139/178 kB | 13 kB | 33/312 kB | 16/625 kBProgress (4): 143/178 kB | 13 kB | 33/312 kB | 16/625 kBProgress (4): 147/178 kB | 13 kB | 33/312 kB | 16/625 kBProgress (4): 152/178 kB | 13 kB | 33/312 kB | 16/625 kBProgress (4): 156/178 kB | 13 kB | 33/312 kB | 16/625 kBProgress (4): 160/178 kB | 13 kB | 33/312 kB | 16/625 kBProgress (4): 164/178 kB | 13 kB | 33/312 kB | 16/625 kBProgress (5): 164/178 kB | 13 kB | 33/312 kB | 16/625 kB | 2.7/36 kBProgress (5): 164/178 kB | 13 kB | 33/312 kB | 16/625 kB | 5.5/36 kBProgress (5): 164/178 kB | 13 kB | 33/312 kB | 16/625 kB | 8.2/36 kBProgress (5): 164/178 kB | 13 kB | 33/312 kB | 16/625 kB | 11/36 kB Progress (5): 164/178 kB | 13 kB | 33/312 kB | 16/625 kB | 14/36 kBProgress (5): 164/178 kB | 13 kB | 33/312 kB | 16/625 kB | 16/36 kBProgress (5): 164/178 kB | 13 kB | 33/312 kB | 16/625 kB | 19/36 kBProgress (5): 164/178 kB | 13 kB | 33/312 kB | 16/625 kB | 21/36 kBProgress (5): 164/178 kB | 13 kB | 37/312 kB | 16/625 kB | 21/36 kBProgress (5): 164/178 kB | 13 kB | 41/312 kB | 16/625 kB | 21/36 kBProgress (5): 164/178 kB | 13 kB | 45/312 kB | 16/625 kB | 21/36 kBProgress (5): 164/178 kB | 13 kB | 49/312 kB | 16/625 kB | 21/36 kBProgress (5): 168/178 kB | 13 kB | 49/312 kB | 16/625 kB | 21/36 kB                                                                   Downloaded from central: https://repo.maven.apache.org/maven2/org/apache/maven/surefire/surefire-logger-api/3.0.0-M1/surefire-logger-api-3.0.0-M1.jar (13 kB at 65 kB/s)
Progress (4): 168/178 kB | 49/312 kB | 16/625 kB | 24/36 kB                                                           Downloading from central: https://repo.maven.apache.org/maven2/org/apache/maven/wagon/wagon-provider-api/1.0-beta-6/wagon-provider-api-1.0-beta-6.jar
Progress (4): 172/178 kB | 49/312 kB | 16/625 kB | 24/36 kBProgress (4): 172/178 kB | 49/312 kB | 16/625 kB | 27/36 kBProgress (4): 176/178 kB | 49/312 kB | 16/625 kB | 27/36 kBProgress (4): 176/178 kB | 49/312 kB | 16/625 kB | 30/36 kBProgress (4): 178 kB | 49/312 kB | 16/625 kB | 30/36 kB    Progress (4): 178 kB | 49/312 kB | 16/625 kB | 32/36 kBProgress (4): 178 kB | 49/312 kB | 16/625 kB | 35/36 kBProgress (4): 178 kB | 49/312 kB | 16/625 kB | 36 kB   Progress (4): 178 kB | 53/312 kB | 16/625 kB | 36 kBProgress (4): 178 kB | 57/312 kB | 16/625 kB | 36 kBProgress (4): 178 kB | 61/312 kB | 16/625 kB | 36 kBProgress (4): 178 kB | 66/312 kB | 16/625 kB | 36 kBProgress (4): 178 kB | 70/312 kB | 16/625 kB | 36 kBProgress (4): 178 kB | 74/312 kB | 16/625 kB | 36 kBProgress (4): 178 kB | 78/312 kB | 16/625 kB | 36 kBProgress (4): 178 kB | 82/312 kB | 16/625 kB | 36 kBProgress (4): 178 kB | 86/312 kB | 16/625 kB | 36 kBProgress (4): 178 kB | 90/312 kB | 16/625 kB | 36 kBProgress (4): 178 kB | 94/312 kB | 16/625 kB | 36 kBProgress (4): 178 kB | 98/312 kB | 16/625 kB | 36 kBProgress (4): 178 kB | 98/312 kB | 20/625 kB | 36 kBProgress (4): 178 kB | 98/312 kB | 25/625 kB | 36 kBProgress (4): 178 kB | 98/312 kB | 29/625 kB | 36 kBProgress (4): 178 kB | 98/312 kB | 33/625 kB | 36 kBProgress (4): 178 kB | 98/312 kB | 37/625 kB | 36 kBProgress (4): 178 kB | 98/312 kB | 41/625 kB | 36 kBProgress (4): 178 kB | 98/312 kB | 45/625 kB | 36 kBProgress (4): 178 kB | 98/312 kB | 49/625 kB | 36 kBProgress (4): 178 kB | 98/312 kB | 53/625 kB | 36 kBProgress (4): 178 kB | 98/312 kB | 57/625 kB | 36 kBProgress (4): 178 kB | 98/312 kB | 61/625 kB | 36 kBProgress (4): 178 kB | 98/312 kB | 66/625 kB | 36 kBProgress (4): 178 kB | 102/312 kB | 66/625 kB | 36 kBProgress (4): 178 kB | 106/312 kB | 66/625 kB | 36 kBProgress (4): 178 kB | 111/312 kB | 66/625 kB | 36 kBProgress (4): 178 kB | 115/312 kB | 66/625 kB | 36 kBProgress (4): 178 kB | 115/312 kB | 70/625 kB | 36 kBProgress (4): 178 kB | 115/312 kB | 74/625 kB | 36 kBProgress (4): 178 kB | 115/312 kB | 78/625 kB | 36 kBProgress (4): 178 kB | 115/312 kB | 82/625 kB | 36 kB                                                     Downloaded from central: https://repo.maven.apache.org/maven2/org/apache/maven/surefire/surefire-api/3.0.0-M1/surefire-api-3.0.0-M1.jar (178 kB at 698 kB/s)
Progress (3): 119/312 kB | 82/625 kB | 36 kBProgress (4): 119/312 kB | 82/625 kB | 36 kB | 4.1/53 kBProgress (4): 123/312 kB | 82/625 kB | 36 kB | 4.1/53 kBProgress (4): 127/312 kB | 82/625 kB | 36 kB | 4.1/53 kBProgress (4): 131/312 kB | 82/625 kB | 36 kB | 4.1/53 kBProgress (4): 131/312 kB | 82/625 kB | 36 kB | 8.2/53 kBProgress (4): 131/312 kB | 82/625 kB | 36 kB | 12/53 kB Progress (4): 131/312 kB | 82/625 kB | 36 kB | 16/53 kBProgress (4): 131/312 kB | 82/625 kB | 36 kB | 20/53 kBProgress (4): 131/312 kB | 82/625 kB | 36 kB | 24/53 kBProgress (4): 131/312 kB | 82/625 kB | 36 kB | 28/53 kBProgress (4): 131/312 kB | 82/625 kB | 36 kB | 32/53 kB                                                       Downloaded from central: https://repo.maven.apache.org/maven2/org/apache/maven/maven-toolchain/3.0-alpha-2/maven-toolchain-3.0-alpha-2.jar (36 kB at 138 kB/s)
Progress (3): 131/312 kB | 82/625 kB | 36/53 kBProgress (3): 131/312 kB | 82/625 kB | 40/53 kBProgress (3): 131/312 kB | 82/625 kB | 45/53 kBProgress (3): 131/312 kB | 82/625 kB | 49/53 kBProgress (3): 131/312 kB | 82/625 kB | 53/53 kBProgress (3): 131/312 kB | 82/625 kB | 53 kB   Progress (3): 135/312 kB | 82/625 kB | 53 kBProgress (3): 135/312 kB | 86/625 kB | 53 kBProgress (3): 135/312 kB | 90/625 kB | 53 kBProgress (3): 139/312 kB | 90/625 kB | 53 kBProgress (3): 139/312 kB | 94/625 kB | 53 kBProgress (3): 139/312 kB | 98/625 kB | 53 kBProgress (3): 143/312 kB | 98/625 kB | 53 kBProgress (3): 147/312 kB | 98/625 kB | 53 kBProgress (3): 152/312 kB | 98/625 kB | 53 kBProgress (3): 156/312 kB | 98/625 kB | 53 kBProgress (3): 160/312 kB | 98/625 kB | 53 kBProgress (3): 164/312 kB | 98/625 kB | 53 kBProgress (3): 168/312 kB | 98/625 kB | 53 kBProgress (3): 172/312 kB | 98/625 kB | 53 kBProgress (3): 176/312 kB | 98/625 kB | 53 kBProgress (3): 180/312 kB | 98/625 kB | 53 kBProgress (3): 180/312 kB | 102/625 kB | 53 kBProgress (3): 180/312 kB | 106/625 kB | 53 kBProgress (3): 180/312 kB | 111/625 kB | 53 kBProgress (3): 180/312 kB | 115/625 kB | 53 kBProgress (3): 184/312 kB | 115/625 kB | 53 kBProgress (3): 188/312 kB | 115/625 kB | 53 kBProgress (3): 193/312 kB | 115/625 kB | 53 kBProgress (3): 197/312 kB | 115/625 kB | 53 kBProgress (3): 201/312 kB | 115/625 kB | 53 kBProgress (3): 201/312 kB | 119/625 kB | 53 kBProgress (3): 205/312 kB | 119/625 kB | 53 kBProgress (3): 205/312 kB | 123/625 kB | 53 kBProgress (3): 209/312 kB | 123/625 kB | 53 kBProgress (3): 209/312 kB | 127/625 kB | 53 kBProgress (3): 213/312 kB | 127/625 kB | 53 kBProgress (3): 213/312 kB | 131/625 kB | 53 kB                                             Downloaded from central: https://repo.maven.apache.org/maven2/org/apache/maven/wagon/wagon-provider-api/1.0-beta-6/wagon-provider-api-1.0-beta-6.jar (53 kB at 168 kB/s)
Progress (2): 217/312 kB | 131/625 kBProgress (2): 221/312 kB | 131/625 kBProgress (2): 225/312 kB | 131/625 kBProgress (2): 229/312 kB | 131/625 kBProgress (2): 233/312 kB | 131/625 kBProgress (2): 238/312 kB | 131/625 kBProgress (2): 242/312 kB | 131/625 kBProgress (2): 246/312 kB | 131/625 kBProgress (2): 250/312 kB | 131/625 kBProgress (2): 254/312 kB | 131/625 kBProgress (2): 258/312 kB | 131/625 kBProgress (2): 262/312 kB | 131/625 kBProgress (2): 266/312 kB | 131/625 kBProgress (2): 270/312 kB | 131/625 kBProgress (2): 274/312 kB | 131/625 kBProgress (2): 274/312 kB | 135/625 kBProgress (2): 279/312 kB | 135/625 kBProgress (2): 279/312 kB | 139/625 kBProgress (2): 283/312 kB | 139/625 kBProgress (2): 283/312 kB | 143/625 kBProgress (2): 287/312 kB | 143/625 kBProgress (2): 287/312 kB | 147/625 kBProgress (2): 291/312 kB | 147/625 kBProgress (2): 295/312 kB | 147/625 kBProgress (2): 299/312 kB | 147/625 kBProgress (2): 303/312 kB | 147/625 kBProgress (2): 307/312 kB | 147/625 kBProgress (2): 311/312 kB | 147/625 kBProgress (2): 312 kB | 147/625 kB    Progress (2): 312 kB | 152/625 kBProgress (2): 312 kB | 156/625 kBProgress (2): 312 kB | 160/625 kBProgress (2): 312 kB | 164/625 kBProgress (2): 312 kB | 168/625 kBProgress (2): 312 kB | 172/625 kBProgress (2): 312 kB | 176/625 kBProgress (2): 312 kB | 180/625 kBProgress (2): 312 kB | 184/625 kBProgress (2): 312 kB | 188/625 kBProgress (2): 312 kB | 193/625 kBProgress (2): 312 kB | 197/625 kB                                 Downloaded from central: https://repo.maven.apache.org/maven2/org/apache/maven/surefire/surefire-booter/3.0.0-M1/surefire-booter-3.0.0-M1.jar (312 kB at 825 kB/s)
Progress (1): 201/625 kBProgress (1): 205/625 kBProgress (1): 209/625 kBProgress (1): 213/625 kBProgress (1): 217/625 kBProgress (1): 221/625 kBProgress (1): 225/625 kBProgress (1): 229/625 kBProgress (1): 233/625 kBProgress (1): 238/625 kBProgress (1): 242/625 kBProgress (1): 246/625 kBProgress (1): 250/625 kBProgress (1): 254/625 kBProgress (1): 258/625 kBProgress (1): 262/625 kBProgress (1): 266/625 kBProgress (1): 270/625 kBProgress (1): 274/625 kBProgress (1): 279/625 kBProgress (1): 283/625 kBProgress (1): 287/625 kBProgress (1): 291/625 kBProgress (1): 295/625 kBProgress (1): 299/625 kBProgress (1): 303/625 kBProgress (1): 307/625 kBProgress (1): 311/625 kBProgress (1): 315/625 kBProgress (1): 319/625 kBProgress (1): 324/625 kBProgress (1): 328/625 kBProgress (1): 332/625 kBProgress (1): 336/625 kBProgress (1): 340/625 kBProgress (1): 344/625 kBProgress (1): 348/625 kBProgress (1): 352/625 kBProgress (1): 356/625 kBProgress (1): 360/625 kBProgress (1): 365/625 kBProgress (1): 369/625 kBProgress (1): 373/625 kBProgress (1): 377/625 kBProgress (1): 381/625 kBProgress (1): 385/625 kBProgress (1): 389/625 kBProgress (1): 393/625 kBProgress (1): 397/625 kBProgress (1): 401/625 kBProgress (1): 406/625 kBProgress (1): 410/625 kBProgress (1): 414/625 kBProgress (1): 418/625 kBProgress (1): 422/625 kBProgress (1): 426/625 kBProgress (1): 430/625 kBProgress (1): 434/625 kBProgress (1): 438/625 kBProgress (1): 442/625 kBProgress (1): 446/625 kBProgress (1): 451/625 kBProgress (1): 455/625 kBProgress (1): 459/625 kBProgress (1): 463/625 kBProgress (1): 467/625 kBProgress (1): 471/625 kBProgress (1): 475/625 kBProgress (1): 479/625 kBProgress (1): 483/625 kBProgress (1): 487/625 kBProgress (1): 492/625 kBProgress (1): 496/625 kBProgress (1): 500/625 kBProgress (1): 504/625 kBProgress (1): 508/625 kBProgress (1): 512/625 kBProgress (1): 516/625 kBProgress (1): 520/625 kBProgress (1): 524/625 kBProgress (1): 528/625 kBProgress (1): 532/625 kBProgress (1): 537/625 kBProgress (1): 541/625 kBProgress (1): 545/625 kBProgress (1): 549/625 kBProgress (1): 553/625 kBProgress (1): 557/625 kBProgress (1): 561/625 kBProgress (1): 565/625 kBProgress (1): 569/625 kBProgress (1): 573/625 kBProgress (1): 578/625 kBProgress (1): 582/625 kBProgress (1): 586/625 kBProgress (1): 590/625 kBProgress (1): 594/625 kBProgress (1): 598/625 kBProgress (1): 602/625 kBProgress (1): 606/625 kBProgress (1): 610/625 kBProgress (1): 614/625 kBProgress (1): 618/625 kBProgress (1): 623/625 kBProgress (1): 625 kB                        Downloaded from central: https://repo.maven.apache.org/maven2/org/apache/maven/surefire/maven-surefire-common/3.0.0-M1/maven-surefire-common-3.0.0-M1.jar (625 kB at 909 kB/s)
Downloading from central: https://repo.maven.apache.org/maven2/org/apache/maven/surefire/surefire-junit4/3.0.0-M1/surefire-junit4-3.0.0-M1.jar
Progress (1): 4.1/17 kBProgress (1): 8.2/17 kBProgress (1): 12/17 kB Progress (1): 16/17 kBProgress (1): 17 kB                      Downloaded from central: https://repo.maven.apache.org/maven2/org/apache/maven/surefire/surefire-junit4/3.0.0-M1/surefire-junit4-3.0.0-M1.jar (17 kB at 193 kB/s)
Downloading from central: https://repo.maven.apache.org/maven2/org/apache/maven/surefire/surefire-junit4/3.0.0-M1/surefire-junit4-3.0.0-M1.pom
Progress (1): 1.7 kB                    Downloaded from central: https://repo.maven.apache.org/maven2/org/apache/maven/surefire/surefire-junit4/3.0.0-M1/surefire-junit4-3.0.0-M1.pom (1.7 kB at 22 kB/s)
Downloading from central: https://repo.maven.apache.org/maven2/org/apache/maven/surefire/surefire-providers/3.0.0-M1/surefire-providers-3.0.0-M1.pom
Progress (1): 2.5 kB                    Downloaded from central: https://repo.maven.apache.org/maven2/org/apache/maven/surefire/surefire-providers/3.0.0-M1/surefire-providers-3.0.0-M1.pom (2.5 kB at 33 kB/s)
Downloading from central: https://repo.maven.apache.org/maven2/org/apache/maven/surefire/common-junit4/3.0.0-M1/common-junit4-3.0.0-M1.pom
Progress (1): 2.1 kB                    Downloaded from central: https://repo.maven.apache.org/maven2/org/apache/maven/surefire/common-junit4/3.0.0-M1/common-junit4-3.0.0-M1.pom (2.1 kB at 11 kB/s)
Downloading from central: https://repo.maven.apache.org/maven2/org/apache/maven/surefire/common-junit3/3.0.0-M1/common-junit3-3.0.0-M1.pom
Progress (1): 1.6 kB                    Downloaded from central: https://repo.maven.apache.org/maven2/org/apache/maven/surefire/common-junit3/3.0.0-M1/common-junit3-3.0.0-M1.pom (1.6 kB at 15 kB/s)
Downloading from central: https://repo.maven.apache.org/maven2/org/apache/maven/surefire/common-java5/3.0.0-M1/common-java5-3.0.0-M1.pom
Progress (1): 3.1 kB                    Downloaded from central: https://repo.maven.apache.org/maven2/org/apache/maven/surefire/common-java5/3.0.0-M1/common-java5-3.0.0-M1.pom (3.1 kB at 35 kB/s)
Downloading from central: https://repo.maven.apache.org/maven2/org/apache/maven/surefire/common-java5/3.0.0-M1/common-java5-3.0.0-M1.jar
Downloading from central: https://repo.maven.apache.org/maven2/org/apache/maven/surefire/common-junit4/3.0.0-M1/common-junit4-3.0.0-M1.jar
Downloading from central: https://repo.maven.apache.org/maven2/org/apache/maven/surefire/common-junit3/3.0.0-M1/common-junit3-3.0.0-M1.jar
Progress (1): 4.1/32 kBProgress (1): 8.2/32 kBProgress (1): 12/32 kB Progress (1): 16/32 kBProgress (2): 16/32 kB | 4.1/12 kBProgress (2): 16/32 kB | 8.2/12 kBProgress (2): 16/32 kB | 12 kB    Progress (2): 20/32 kB | 12 kBProgress (2): 24/32 kB | 12 kBProgress (2): 28/32 kB | 12 kBProgress (2): 32 kB | 12 kB                              Downloaded from central: https://repo.maven.apache.org/maven2/org/apache/maven/surefire/common-junit3/3.0.0-M1/common-junit3-3.0.0-M1.jar (12 kB at 97 kB/s)
Progress (2): 32 kB | 4.1/28 kBProgress (2): 32 kB | 8.2/28 kBProgress (2): 32 kB | 12/28 kB Progress (2): 32 kB | 16/28 kBProgress (2): 32 kB | 20/28 kBProgress (2): 32 kB | 24/28 kBProgress (2): 32 kB | 28 kB                              Downloaded from central: https://repo.maven.apache.org/maven2/org/apache/maven/surefire/common-java5/3.0.0-M1/common-java5-3.0.0-M1.jar (32 kB at 223 kB/s)
Downloaded from central: https://repo.maven.apache.org/maven2/org/apache/maven/surefire/common-junit4/3.0.0-M1/common-junit4-3.0.0-M1.jar (28 kB at 150 kB/s)
[INFO] 
[INFO] -------------------------------------------------------
[INFO]  T E S T S
[INFO] -------------------------------------------------------
[INFO] Running com.github.vitalliuss.helloci.AppTest
[8mha:////4MrbbCkdPCqGiKq05gqPFLZXE5bySdo9grVh+tJTCkm/AAAAYB+LCAAAAAAAAP9b85aBtbiIQSmjNKU4P0+vJLE4u1gvPjexLDVPzxdEuhYV5Rf55Zek1m9pfpLfVWLNxMBQUcQgBdWQnJ9XnJ+TqucMoUEKGSCAEaSwAABqVhoSYAAAAA==[0m[ERROR] Tests run: 5, Failures: 1, Errors: 0, Skipped: 1, Time elapsed: 0.132 s <<< FAILURE! - in com.github.vitalliuss.helloci.AppTest
[8mha:////4MrbbCkdPCqGiKq05gqPFLZXE5bySdo9grVh+tJTCkm/AAAAYB+LCAAAAAAAAP9b85aBtbiIQSmjNKU4P0+vJLE4u1gvPjexLDVPzxdEuhYV5Rf55Zek1m9pfpLfVWLNxMBQUcQgBdWQnJ9XnJ+TqucMoUEKGSCAEaSwAABqVhoSYAAAAA==[0m[ERROR] testShouldBeFailed(com.github.vitalliuss.helloci.AppTest)  Time elapsed: 0.023 s  <<< FAILURE!
java.lang.AssertionError
	at com.github.vitalliuss.helloci.AppTest.testShouldBeFailed(AppTest.java:21)

[INFO] 
[INFO] Results:
[INFO] 
[8mha:////4MrbbCkdPCqGiKq05gqPFLZXE5bySdo9grVh+tJTCkm/AAAAYB+LCAAAAAAAAP9b85aBtbiIQSmjNKU4P0+vJLE4u1gvPjexLDVPzxdEuhYV5Rf55Zek1m9pfpLfVWLNxMBQUcQgBdWQnJ9XnJ+TqucMoUEKGSCAEaSwAABqVhoSYAAAAA==[0m[ERROR] Failures: 
[8mha:////4MrbbCkdPCqGiKq05gqPFLZXE5bySdo9grVh+tJTCkm/AAAAYB+LCAAAAAAAAP9b85aBtbiIQSmjNKU4P0+vJLE4u1gvPjexLDVPzxdEuhYV5Rf55Zek1m9pfpLfVWLNxMBQUcQgBdWQnJ9XnJ+TqucMoUEKGSCAEaSwAABqVhoSYAAAAA==[0m[ERROR]   AppTest.testShouldBeFailed:21
[INFO] 
[8mha:////4MrbbCkdPCqGiKq05gqPFLZXE5bySdo9grVh+tJTCkm/AAAAYB+LCAAAAAAAAP9b85aBtbiIQSmjNKU4P0+vJLE4u1gvPjexLDVPzxdEuhYV5Rf55Zek1m9pfpLfVWLNxMBQUcQgBdWQnJ9XnJ+TqucMoUEKGSCAEaSwAABqVhoSYAAAAA==[0m[ERROR] Tests run: 5, Failures: 1, Errors: 0, Skipped: 1
[INFO] 
[INFO] ------------------------------------------------------------------------
[INFO] BUILD FAILURE
[INFO] ------------------------------------------------------------------------
[INFO] Total time:  8.310 s
[INFO] Finished at: 2022-10-19T23:57:51+03:00
[INFO] ------------------------------------------------------------------------
[8mha:////4MrbbCkdPCqGiKq05gqPFLZXE5bySdo9grVh+tJTCkm/AAAAYB+LCAAAAAAAAP9b85aBtbiIQSmjNKU4P0+vJLE4u1gvPjexLDVPzxdEuhYV5Rf55Zek1m9pfpLfVWLNxMBQUcQgBdWQnJ9XnJ+TqucMoUEKGSCAEaSwAABqVhoSYAAAAA==[0m[ERROR] Failed to execute goal org.apache.maven.plugins:maven-surefire-plugin:3.0.0-M1:test (default-test) on project hello-ci: There are test failures.
[8mha:////4MrbbCkdPCqGiKq05gqPFLZXE5bySdo9grVh+tJTCkm/AAAAYB+LCAAAAAAAAP9b85aBtbiIQSmjNKU4P0+vJLE4u1gvPjexLDVPzxdEuhYV5Rf55Zek1m9pfpLfVWLNxMBQUcQgBdWQnJ9XnJ+TqucMoUEKGSCAEaSwAABqVhoSYAAAAA==[0m[ERROR] 
[8mha:////4MrbbCkdPCqGiKq05gqPFLZXE5bySdo9grVh+tJTCkm/AAAAYB+LCAAAAAAAAP9b85aBtbiIQSmjNKU4P0+vJLE4u1gvPjexLDVPzxdEuhYV5Rf55Zek1m9pfpLfVWLNxMBQUcQgBdWQnJ9XnJ+TqucMoUEKGSCAEaSwAABqVhoSYAAAAA==[0m[ERROR] Please refer to C:\Users\Vika\AppData\Local\Jenkins\.jenkins\workspace\First job\Java\target\surefire-reports for the individual test results.
[8mha:////4MrbbCkdPCqGiKq05gqPFLZXE5bySdo9grVh+tJTCkm/AAAAYB+LCAAAAAAAAP9b85aBtbiIQSmjNKU4P0+vJLE4u1gvPjexLDVPzxdEuhYV5Rf55Zek1m9pfpLfVWLNxMBQUcQgBdWQnJ9XnJ+TqucMoUEKGSCAEaSwAABqVhoSYAAAAA==[0m[ERROR] Please refer to dump files (if any exist) [date].dump, [date]-jvmRun[N].dump and [date].dumpstream.
[8mha:////4MrbbCkdPCqGiKq05gqPFLZXE5bySdo9grVh+tJTCkm/AAAAYB+LCAAAAAAAAP9b85aBtbiIQSmjNKU4P0+vJLE4u1gvPjexLDVPzxdEuhYV5Rf55Zek1m9pfpLfVWLNxMBQUcQgBdWQnJ9XnJ+TqucMoUEKGSCAEaSwAABqVhoSYAAAAA==[0m[ERROR] -> [Help 1]
[8mha:////4MrbbCkdPCqGiKq05gqPFLZXE5bySdo9grVh+tJTCkm/AAAAYB+LCAAAAAAAAP9b85aBtbiIQSmjNKU4P0+vJLE4u1gvPjexLDVPzxdEuhYV5Rf55Zek1m9pfpLfVWLNxMBQUcQgBdWQnJ9XnJ+TqucMoUEKGSCAEaSwAABqVhoSYAAAAA==[0m[ERROR] 
[8mha:////4MrbbCkdPCqGiKq05gqPFLZXE5bySdo9grVh+tJTCkm/AAAAYB+LCAAAAAAAAP9b85aBtbiIQSmjNKU4P0+vJLE4u1gvPjexLDVPzxdEuhYV5Rf55Zek1m9pfpLfVWLNxMBQUcQgBdWQnJ9XnJ+TqucMoUEKGSCAEaSwAABqVhoSYAAAAA==[0m[ERROR] To see the full stack trace of the errors, re-run Maven with the -e switch.
[8mha:////4MrbbCkdPCqGiKq05gqPFLZXE5bySdo9grVh+tJTCkm/AAAAYB+LCAAAAAAAAP9b85aBtbiIQSmjNKU4P0+vJLE4u1gvPjexLDVPzxdEuhYV5Rf55Zek1m9pfpLfVWLNxMBQUcQgBdWQnJ9XnJ+TqucMoUEKGSCAEaSwAABqVhoSYAAAAA==[0m[ERROR] Re-run Maven using the -X switch to enable full debug logging.
[8mha:////4MrbbCkdPCqGiKq05gqPFLZXE5bySdo9grVh+tJTCkm/AAAAYB+LCAAAAAAAAP9b85aBtbiIQSmjNKU4P0+vJLE4u1gvPjexLDVPzxdEuhYV5Rf55Zek1m9pfpLfVWLNxMBQUcQgBdWQnJ9XnJ+TqucMoUEKGSCAEaSwAABqVhoSYAAAAA==[0m[ERROR] 
[8mha:////4MrbbCkdPCqGiKq05gqPFLZXE5bySdo9grVh+tJTCkm/AAAAYB+LCAAAAAAAAP9b85aBtbiIQSmjNKU4P0+vJLE4u1gvPjexLDVPzxdEuhYV5Rf55Zek1m9pfpLfVWLNxMBQUcQgBdWQnJ9XnJ+TqucMoUEKGSCAEaSwAABqVhoSYAAAAA==[0m[ERROR] For more information about the errors and possible solutions, please read the following articles:
[8mha:////4MrbbCkdPCqGiKq05gqPFLZXE5bySdo9grVh+tJTCkm/AAAAYB+LCAAAAAAAAP9b85aBtbiIQSmjNKU4P0+vJLE4u1gvPjexLDVPzxdEuhYV5Rf55Zek1m9pfpLfVWLNxMBQUcQgBdWQnJ9XnJ+TqucMoUEKGSCAEaSwAABqVhoSYAAAAA==[0m[ERROR] [Help 1] http://cwiki.apache.org/confluence/display/MAVEN/MojoFailureException
Build step 'Вызвать цели Maven верхнего уровня  ' marked build as failure
Finished: FAILURE
